[32m[Nest] 10480  - [39m17/03/2026, 4:29:20 pm [32m    LOG[39m [38;5;3m[NestFactory] [39m[32mStarting Nest application...[39m
[32m[Nest] 10480  - [39m17/03/2026, 4:29:20 pm [32m    LOG[39m [38;5;3m[InstanceLoader] [39m[32mAppModule dependencies initialized[39m[38;5;3m +24ms[39m
[32m[Nest] 10480  - [39m17/03/2026, 4:29:20 pm [32m    LOG[39m [38;5;3m[InstanceLoader] [39m[32mCompetitorsModule dependencies initialized[39m[38;5;3m +1ms[39m
[32m[Nest] 10480  - [39m17/03/2026, 4:29:20 pm [32m    LOG[39m [38;5;3m[InstanceLoader] [39m[32mAnalysisModule dependencies initialized[39m[38;5;3m +1ms[39m
[32m[Nest] 10480  - [39m17/03/2026, 4:29:20 pm [32m    LOG[39m [38;5;3m[RoutesResolver] [39m[32mCompetitorsController {/competitors}:[39m[38;5;3m +9ms[39m
[32m[Nest] 10480  - [39m17/03/2026, 4:29:20 pm [32m    LOG[39m [38;5;3m[RouterExplorer] [39m[32mMapped {/competitors, GET} route[39m[38;5;3m +5ms[39m
[32m[Nest] 10480  - [39m17/03/2026, 4:29:20 pm [32m    LOG[39m [38;5;3m[RouterExplorer] [39m[32mMapped {/competitors/:id, GET} route[39m[38;5;3m +1ms[39m
[32m[Nest] 10480  - [39m17/03/2026, 4:29:20 pm [32m    LOG[39m [38;5;3m[RouterExplorer] [39m[32mMapped {/competitors, POST} route[39m[38;5;3m +1ms[39m
[32m[Nest] 10480  - [39m17/03/2026, 4:29:20 pm [32m    LOG[39m [38;5;3m[RouterExplorer] [39m[32mMapped {/competitors/:id, PATCH} route[39m[38;5;3m +1ms[39m
[32m[Nest] 10480  - [39m17/03/2026, 4:29:20 pm [32m    LOG[39m [38;5;3m[RouterExplorer] [39m[32mMapped {/competitors/:id, DELETE} route[39m[38;5;3m +0ms[39m
[32m[Nest] 10480  - [39m17/03/2026, 4:29:20 pm [32m    LOG[39m [38;5;3m[RoutesResolver] [39m[32mAnalysisController {/analysis}:[39m[38;5;3m +1ms[39m
[32m[Nest] 10480  - [39m17/03/2026, 4:29:20 pm [32m    LOG[39m [38;5;3m[RouterExplorer] [39m[32mMapped {/analysis/catalog, GET} route[39m[38;5;3m +0ms[39m
[32m[Nest] 10480  - [39m17/03/2026, 4:29:20 pm [32m    LOG[39m [38;5;3m[RouterExplorer] [39m[32mMapped {/analysis/instagram-research, POST} route[39m[38;5;3m +1ms[39m
[32m[Nest] 10480  - [39m17/03/2026, 4:29:20 pm [32m    LOG[39m [38;5;3m[RouterExplorer] [39m[32mMapped {/analysis/instagram-research/live, POST} route[39m[38;5;3m +0ms[39m
[32m[Nest] 10480  - [39m17/03/2026, 4:29:20 pm [32m    LOG[39m [38;5;3m[RouterExplorer] [39m[32mMapped {/analysis/instagram-research/discovery, POST} route[39m[38;5;3m +0ms[39m
[32m[Nest] 10480  - [39m17/03/2026, 4:29:20 pm [32m    LOG[39m [38;5;3m[RouterExplorer] [39m[32mMapped {/analysis/instagram-research/collect, POST} route[39m[38;5;3m +1ms[39m
[32m[Nest] 10480  - [39m17/03/2026, 4:29:20 pm [32m    LOG[39m [38;5;3m[RouterExplorer] [39m[32mMapped {/analysis/instagram-research/insights, POST} route[39m[38;5;3m +0ms[39m
[32m[Nest] 10480  - [39m17/03/2026, 4:29:20 pm [32m    LOG[39m [38;5;3m[RouterExplorer] [39m[32mMapped {/analysis/instagram-research/dashboard, POST} route[39m[38;5;3m +1ms[39m
[32m[Nest] 10480  - [39m17/03/2026, 4:29:20 pm [32m    LOG[39m [38;5;3m[NestApplication] [39m[32mNest application successfully started[39m[38;5;3m +2ms[39m
[DiscoveryAgent] Inferred Category: healthy snacks / nutrition (ID: healthy-snacks-nutrition)
[DiscoveryAgent] Inferred Category: healthy snacks / nutrition (ID: healthy-snacks-nutrition)
[DiscoveryAgent] Inferred Category: brand/business (ID: generic-brand-business)
